[ 2016-07-01T16:10:56+08:00 ] 127.0.0.1 /interactive/OPIS_SERVER/Login/check_code.html?code=jhrj
INFO: [ app_begin ] --START--
INFO: Run Behavior\ReadHtmlCacheBehavior [ RunTime:0.000000s ]
INFO: [ app_begin ] --END-- [ RunTime:0.001000s ]

[ 2016-07-01T16:11:03+08:00 ] 127.0.0.1 /interactive/OPIS_SERVER/Login/check_code.html?code=ra7f
INFO: [ app_begin ] --START--
INFO: Run Behavior\ReadHtmlCacheBehavior [ RunTime:0.001000s ]
INFO: [ app_begin ] --END-- [ RunTime:0.002001s ]

[ 2016-07-01T16:11:11+08:00 ] 127.0.0.1 /interactive/OPIS_SERVER/Order/getDevice.html
INFO: [ app_begin ] --START--
INFO: Run Behavior\ReadHtmlCacheBehavior [ RunTime:0.001000s ]
INFO: [ app_begin ] --END-- [ RunTime:0.001000s ]
SQL: SHOW COLUMNS FROM `op_admin_group_access` [ RunTime:0.0030s ]
SQL: SELECT `uid`,`group_id`,`title`,`rules` FROM op_admin_group_access a INNER JOIN op_admin_group g on a.group_id=g.id  WHERE ( a.uid='1' and g.status='1' )  [ RunTime:0.0010s ]
SQL: SHOW COLUMNS FROM `op_admin_rule` [ RunTime:0.0030s ]
SQL: SELECT `condition`,`name` FROM `op_admin_rule` WHERE `id` IN ('85','86','87') AND `type` = 1 AND `status` = 1  [ RunTime:0.0000s ]
SQL: SHOW COLUMNS FROM `op_device` [ RunTime:0.0030s ]
SQL: SELECT * FROM `op_device`  [ RunTime:0.0000s ]

[ 2016-07-01T16:11:13+08:00 ] 127.0.0.1 /interactive/OPIS_SERVER/Order/getDevice.html
INFO: [ app_begin ] --START--
INFO: Run Behavior\ReadHtmlCacheBehavior [ RunTime:0.000000s ]
INFO: [ app_begin ] --END-- [ RunTime:0.001000s ]
SQL: SHOW COLUMNS FROM `op_admin_group_access` [ RunTime:0.0020s ]
SQL: SELECT `uid`,`group_id`,`title`,`rules` FROM op_admin_group_access a INNER JOIN op_admin_group g on a.group_id=g.id  WHERE ( a.uid='1' and g.status='1' )  [ RunTime:0.0000s ]
SQL: SHOW COLUMNS FROM `op_admin_rule` [ RunTime:0.0020s ]
SQL: SELECT `condition`,`name` FROM `op_admin_rule` WHERE `id` IN ('85','86','87') AND `type` = 1 AND `status` = 1  [ RunTime:0.0010s ]
SQL: SHOW COLUMNS FROM `op_device` [ RunTime:0.0030s ]
SQL: SELECT * FROM `op_device`  [ RunTime:0.0000s ]

[ 2016-07-01T16:13:05+08:00 ] 127.0.0.1 /interactive/OPIS_SERVER/Login/check_code.html?code=airc
INFO: [ app_begin ] --START--
INFO: Run Behavior\ReadHtmlCacheBehavior [ RunTime:0.001000s ]
INFO: [ app_begin ] --END-- [ RunTime:0.001000s ]

[ 2016-07-01T16:15:12+08:00 ] 127.0.0.1 /interactive/OPIS_SERVER/Login/check_code.html?code=iy33
INFO: [ app_begin ] --START--
INFO: Run Behavior\ReadHtmlCacheBehavior [ RunTime:0.002000s ]
INFO: [ app_begin ] --END-- [ RunTime:0.003000s ]

[ 2016-07-01T16:19:14+08:00 ] 127.0.0.1 /interactive/OPIS_SERVER/Login/check_code.html?code=fmfp
INFO: [ app_begin ] --START--
INFO: Run Behavior\ReadHtmlCacheBehavior [ RunTime:0.001000s ]
INFO: [ app_begin ] --END-- [ RunTime:0.002000s ]

