[ 2016-06-20T10:53:41+08:00 ] 127.0.0.1 /interactive/OPIS_SERVER/Login/check_code.html?code=lcmk
INFO: [ app_begin ] --START--
INFO: Run Behavior\ReadHtmlCacheBehavior [ RunTime:0.000000s ]
INFO: [ app_begin ] --END-- [ RunTime:0.001000s ]

[ 2016-06-20T10:54:03+08:00 ] 127.0.0.1 /interactive/OPIS_SERVER/Device/getDevice.html
INFO: [ app_begin ] --START--
INFO: Run Behavior\ReadHtmlCacheBehavior [ RunTime:0.000000s ]
INFO: [ app_begin ] --END-- [ RunTime:0.001000s ]
SQL: SHOW COLUMNS FROM `op_admin_group_access` [ RunTime:0.0030s ]
SQL: SELECT `uid`,`group_id`,`title`,`rules` FROM op_admin_group_access a INNER JOIN op_admin_group g on a.group_id=g.id  WHERE ( a.uid='1' and g.status='1' )  [ RunTime:0.0010s ]
SQL: SHOW COLUMNS FROM `op_admin_rule` [ RunTime:0.0020s ]
SQL: SELECT `condition`,`name` FROM `op_admin_rule` WHERE `id` IN ('85','86','87') AND `type` = 1 AND `status` = 1  [ RunTime:0.0010s ]
SQL: SHOW COLUMNS FROM `op_device` [ RunTime:0.0250s ]
SQL: SELECT * FROM `op_device`  [ RunTime:0.0000s ]

[ 2016-06-20T11:00:52+08:00 ] 127.0.0.1 /interactive/OPIS_SERVER/Media/
ERR: 非法操作:index

[ 2016-06-20T11:01:01+08:00 ] 127.0.0.1 /interactive/OPIS_SERVER/Device/getDevice.html
INFO: [ app_begin ] --START--
INFO: Run Behavior\ReadHtmlCacheBehavior [ RunTime:0.001000s ]
INFO: [ app_begin ] --END-- [ RunTime:0.002000s ]
SQL: SHOW COLUMNS FROM `op_admin_group_access` [ RunTime:0.0020s ]
SQL: SELECT `uid`,`group_id`,`title`,`rules` FROM op_admin_group_access a INNER JOIN op_admin_group g on a.group_id=g.id  WHERE ( a.uid='1' and g.status='1' )  [ RunTime:0.0010s ]
SQL: SHOW COLUMNS FROM `op_admin_rule` [ RunTime:0.0030s ]
SQL: SELECT `condition`,`name` FROM `op_admin_rule` WHERE `id` IN ('85','86','87') AND `type` = 1 AND `status` = 1  [ RunTime:0.0010s ]
SQL: SHOW COLUMNS FROM `op_device` [ RunTime:0.0030s ]
SQL: SELECT * FROM `op_device`  [ RunTime:0.0000s ]

[ 2016-06-20T11:08:09+08:00 ] 127.0.0.1 /interactive/OPIS_SERVER/Media/
ERR: 非法操作:index

[ 2016-06-20T11:13:06+08:00 ] 127.0.0.1 /interactive/OPIS_SERVER/Device/getDevice.html
INFO: [ app_begin ] --START--
INFO: Run Behavior\ReadHtmlCacheBehavior [ RunTime:0.000000s ]
INFO: [ app_begin ] --END-- [ RunTime:0.002000s ]
SQL: SHOW COLUMNS FROM `op_admin_group_access` [ RunTime:0.0030s ]
SQL: SELECT `uid`,`group_id`,`title`,`rules` FROM op_admin_group_access a INNER JOIN op_admin_group g on a.group_id=g.id  WHERE ( a.uid='1' and g.status='1' )  [ RunTime:0.0010s ]
SQL: SHOW COLUMNS FROM `op_admin_rule` [ RunTime:0.0020s ]
SQL: SELECT `condition`,`name` FROM `op_admin_rule` WHERE `id` IN ('85','86','87') AND `type` = 1 AND `status` = 1  [ RunTime:0.0000s ]
SQL: SHOW COLUMNS FROM `op_device` [ RunTime:0.0020s ]
SQL: SELECT * FROM `op_device`  [ RunTime:0.0000s ]

[ 2016-06-20T11:54:24+08:00 ] 127.0.0.1 /interactive/OPIS_SERVER/Device/getDevice.html
INFO: [ app_begin ] --START--
INFO: Run Behavior\ReadHtmlCacheBehavior [ RunTime:0.001000s ]
INFO: [ app_begin ] --END-- [ RunTime:0.001000s ]
SQL: SHOW COLUMNS FROM `op_admin_group_access` [ RunTime:0.0020s ]
SQL: SELECT `uid`,`group_id`,`title`,`rules` FROM op_admin_group_access a INNER JOIN op_admin_group g on a.group_id=g.id  WHERE ( a.uid='1' and g.status='1' )  [ RunTime:0.0010s ]
SQL: SHOW COLUMNS FROM `op_admin_rule` [ RunTime:0.0020s ]
SQL: SELECT `condition`,`name` FROM `op_admin_rule` WHERE `id` IN ('85','86','87') AND `type` = 1 AND `status` = 1  [ RunTime:0.0000s ]
SQL: SHOW COLUMNS FROM `op_device` [ RunTime:0.0030s ]
SQL: SELECT * FROM `op_device`  [ RunTime:0.0010s ]

[ 2016-06-20T11:55:53+08:00 ] 127.0.0.1 /interactive/OPIS_SERVER/Device/getDevice.html
INFO: [ app_begin ] --START--
INFO: Run Behavior\ReadHtmlCacheBehavior [ RunTime:0.001000s ]
INFO: [ app_begin ] --END-- [ RunTime:0.002000s ]
SQL: SHOW COLUMNS FROM `op_admin_group_access` [ RunTime:0.0020s ]
SQL: SELECT `uid`,`group_id`,`title`,`rules` FROM op_admin_group_access a INNER JOIN op_admin_group g on a.group_id=g.id  WHERE ( a.uid='1' and g.status='1' )  [ RunTime:0.0000s ]
SQL: SHOW COLUMNS FROM `op_admin_rule` [ RunTime:0.0030s ]
SQL: SELECT `condition`,`name` FROM `op_admin_rule` WHERE `id` IN ('85','86','87') AND `type` = 1 AND `status` = 1  [ RunTime:0.0010s ]
SQL: SHOW COLUMNS FROM `op_device` [ RunTime:0.0020s ]
SQL: SELECT * FROM `op_device`  [ RunTime:0.0010s ]

[ 2016-06-20T15:54:54+08:00 ] 127.0.0.1 /interactive/OPIS_SERVER/Device/getDevice.html
INFO: [ app_begin ] --START--
INFO: Run Behavior\ReadHtmlCacheBehavior [ RunTime:0.000000s ]
INFO: [ app_begin ] --END-- [ RunTime:0.001000s ]
SQL: SHOW COLUMNS FROM `op_admin_group_access` [ RunTime:0.0020s ]
SQL: SELECT `uid`,`group_id`,`title`,`rules` FROM op_admin_group_access a INNER JOIN op_admin_group g on a.group_id=g.id  WHERE ( a.uid='1' and g.status='1' )  [ RunTime:0.0000s ]
SQL: SHOW COLUMNS FROM `op_admin_rule` [ RunTime:0.0020s ]
SQL: SELECT `condition`,`name` FROM `op_admin_rule` WHERE `id` IN ('85','86','87') AND `type` = 1 AND `status` = 1  [ RunTime:0.0000s ]
SQL: SHOW COLUMNS FROM `op_device` [ RunTime:0.0020s ]
SQL: SELECT * FROM `op_device`  [ RunTime:0.0000s ]

[ 2016-06-20T16:36:54+08:00 ] 127.0.0.1 /interactive/OPIS_SERVER/Device/getDevice.html
INFO: [ app_begin ] --START--
INFO: Run Behavior\ReadHtmlCacheBehavior [ RunTime:0.000000s ]
INFO: [ app_begin ] --END-- [ RunTime:0.001000s ]
SQL: SHOW COLUMNS FROM `op_admin_group_access` [ RunTime:0.0030s ]
SQL: SELECT `uid`,`group_id`,`title`,`rules` FROM op_admin_group_access a INNER JOIN op_admin_group g on a.group_id=g.id  WHERE ( a.uid='1' and g.status='1' )  [ RunTime:0.0000s ]
SQL: SHOW COLUMNS FROM `op_admin_rule` [ RunTime:0.0020s ]
SQL: SELECT `condition`,`name` FROM `op_admin_rule` WHERE `id` IN ('85','86','87') AND `type` = 1 AND `status` = 1  [ RunTime:0.0010s ]
SQL: SHOW COLUMNS FROM `op_device` [ RunTime:0.0030s ]
SQL: SELECT * FROM `op_device`  [ RunTime:0.0000s ]

[ 2016-06-20T16:40:25+08:00 ] 127.0.0.1 /interactive/OPIS_SERVER/Device/getDevice.html
INFO: [ app_begin ] --START--
INFO: Run Behavior\ReadHtmlCacheBehavior [ RunTime:0.001000s ]
INFO: [ app_begin ] --END-- [ RunTime:0.002000s ]
SQL: SHOW COLUMNS FROM `op_admin_group_access` [ RunTime:0.0020s ]
SQL: SELECT `uid`,`group_id`,`title`,`rules` FROM op_admin_group_access a INNER JOIN op_admin_group g on a.group_id=g.id  WHERE ( a.uid='1' and g.status='1' )  [ RunTime:0.0000s ]
SQL: SHOW COLUMNS FROM `op_admin_rule` [ RunTime:0.0020s ]
SQL: SELECT `condition`,`name` FROM `op_admin_rule` WHERE `id` IN ('85','86','87') AND `type` = 1 AND `status` = 1  [ RunTime:0.0000s ]
SQL: SHOW COLUMNS FROM `op_device` [ RunTime:0.0040s ]
SQL: SELECT * FROM `op_device`  [ RunTime:0.0010s ]

[ 2016-06-20T16:42:23+08:00 ] 127.0.0.1 /interactive/OPIS_SERVER/Device/getDevice.html
INFO: [ app_begin ] --START--
INFO: Run Behavior\ReadHtmlCacheBehavior [ RunTime:0.001000s ]
INFO: [ app_begin ] --END-- [ RunTime:0.001000s ]
SQL: SHOW COLUMNS FROM `op_admin_group_access` [ RunTime:0.0030s ]
SQL: SELECT `uid`,`group_id`,`title`,`rules` FROM op_admin_group_access a INNER JOIN op_admin_group g on a.group_id=g.id  WHERE ( a.uid='1' and g.status='1' )  [ RunTime:0.0000s ]
SQL: SHOW COLUMNS FROM `op_admin_rule` [ RunTime:0.0020s ]
SQL: SELECT `condition`,`name` FROM `op_admin_rule` WHERE `id` IN ('85','86','87') AND `type` = 1 AND `status` = 1  [ RunTime:0.0000s ]
SQL: SHOW COLUMNS FROM `op_device` [ RunTime:0.0020s ]
SQL: SELECT * FROM `op_device`  [ RunTime:0.0010s ]

[ 2016-06-20T16:42:59+08:00 ] 127.0.0.1 /interactive/OPIS_SERVER/Device/getDevice.html
INFO: [ app_begin ] --START--
INFO: Run Behavior\ReadHtmlCacheBehavior [ RunTime:0.000000s ]
INFO: [ app_begin ] --END-- [ RunTime:0.002001s ]
SQL: SHOW COLUMNS FROM `op_admin_group_access` [ RunTime:0.0030s ]
SQL: SELECT `uid`,`group_id`,`title`,`rules` FROM op_admin_group_access a INNER JOIN op_admin_group g on a.group_id=g.id  WHERE ( a.uid='1' and g.status='1' )  [ RunTime:0.0010s ]
SQL: SHOW COLUMNS FROM `op_admin_rule` [ RunTime:0.0030s ]
SQL: SELECT `condition`,`name` FROM `op_admin_rule` WHERE `id` IN ('85','86','87') AND `type` = 1 AND `status` = 1  [ RunTime:0.0000s ]
SQL: SHOW COLUMNS FROM `op_device` [ RunTime:0.0020s ]
SQL: SELECT * FROM `op_device`  [ RunTime:0.0000s ]

[ 2016-06-20T16:49:14+08:00 ] 127.0.0.1 /interactive/OPIS_SERVER/Device/getDevice.html
INFO: [ app_begin ] --START--
INFO: Run Behavior\ReadHtmlCacheBehavior [ RunTime:0.001000s ]
INFO: [ app_begin ] --END-- [ RunTime:0.001000s ]
SQL: SHOW COLUMNS FROM `op_admin_group_access` [ RunTime:0.0020s ]
SQL: SELECT `uid`,`group_id`,`title`,`rules` FROM op_admin_group_access a INNER JOIN op_admin_group g on a.group_id=g.id  WHERE ( a.uid='1' and g.status='1' )  [ RunTime:0.0000s ]
SQL: SHOW COLUMNS FROM `op_admin_rule` [ RunTime:0.0030s ]
SQL: SELECT `condition`,`name` FROM `op_admin_rule` WHERE `id` IN ('85','86','87') AND `type` = 1 AND `status` = 1  [ RunTime:0.0010s ]
SQL: SHOW COLUMNS FROM `op_device` [ RunTime:0.0020s ]
SQL: SELECT * FROM `op_device`  [ RunTime:0.0000s ]

[ 2016-06-20T16:50:34+08:00 ] 127.0.0.1 /interactive/OPIS_SERVER/Device/getDevice.html
INFO: [ app_begin ] --START--
INFO: Run Behavior\ReadHtmlCacheBehavior [ RunTime:0.001000s ]
INFO: [ app_begin ] --END-- [ RunTime:0.002001s ]
SQL: SHOW COLUMNS FROM `op_admin_group_access` [ RunTime:0.0020s ]
SQL: SELECT `uid`,`group_id`,`title`,`rules` FROM op_admin_group_access a INNER JOIN op_admin_group g on a.group_id=g.id  WHERE ( a.uid='1' and g.status='1' )  [ RunTime:0.0010s ]
SQL: SHOW COLUMNS FROM `op_admin_rule` [ RunTime:0.0020s ]
SQL: SELECT `condition`,`name` FROM `op_admin_rule` WHERE `id` IN ('85','86','87') AND `type` = 1 AND `status` = 1  [ RunTime:0.0000s ]
SQL: SHOW COLUMNS FROM `op_device` [ RunTime:0.0020s ]
SQL: SELECT * FROM `op_device`  [ RunTime:0.0000s ]

[ 2016-06-20T17:06:11+08:00 ] 127.0.0.1 /interactive/OPIS_SERVER/Device/getDevice.html
INFO: [ app_begin ] --START--
INFO: Run Behavior\ReadHtmlCacheBehavior [ RunTime:0.001000s ]
INFO: [ app_begin ] --END-- [ RunTime:0.001000s ]
SQL: SHOW COLUMNS FROM `op_admin_group_access` [ RunTime:0.0030s ]
SQL: SELECT `uid`,`group_id`,`title`,`rules` FROM op_admin_group_access a INNER JOIN op_admin_group g on a.group_id=g.id  WHERE ( a.uid='1' and g.status='1' )  [ RunTime:0.0000s ]
SQL: SHOW COLUMNS FROM `op_admin_rule` [ RunTime:0.0020s ]
SQL: SELECT `condition`,`name` FROM `op_admin_rule` WHERE `id` IN ('85','86','87') AND `type` = 1 AND `status` = 1  [ RunTime:0.0000s ]
SQL: SHOW COLUMNS FROM `op_device` [ RunTime:0.0030s ]
SQL: SELECT * FROM `op_device`  [ RunTime:0.0000s ]

[ 2016-06-20T17:06:18+08:00 ] 127.0.0.1 /interactive/OPIS_SERVER/Device/device_edit/id/5.html
ERR: 非法操作:device_edit

[ 2016-06-20T17:18:22+08:00 ] 127.0.0.1 /interactive/OPIS_SERVER/Device/device_edit/id/5/type/0.html
ERR: 模板不存在:./App/Admin/View/Device/device_edit.html

[ 2016-06-20T17:21:09+08:00 ] 127.0.0.1 /interactive/OPIS_SERVER/Device/getDevice.html
INFO: [ app_begin ] --START--
INFO: Run Behavior\ReadHtmlCacheBehavior [ RunTime:0.001000s ]
INFO: [ app_begin ] --END-- [ RunTime:0.001000s ]
SQL: SHOW COLUMNS FROM `op_admin_group_access` [ RunTime:0.0020s ]
SQL: SELECT `uid`,`group_id`,`title`,`rules` FROM op_admin_group_access a INNER JOIN op_admin_group g on a.group_id=g.id  WHERE ( a.uid='1' and g.status='1' )  [ RunTime:0.0000s ]
SQL: SHOW COLUMNS FROM `op_admin_rule` [ RunTime:0.0030s ]
SQL: SELECT `condition`,`name` FROM `op_admin_rule` WHERE `id` IN ('85','86','87') AND `type` = 1 AND `status` = 1  [ RunTime:0.0000s ]
SQL: SHOW COLUMNS FROM `op_device` [ RunTime:0.0020s ]
SQL: SELECT * FROM `op_device`  [ RunTime:0.0000s ]

[ 2016-06-20T17:23:41+08:00 ] 127.0.0.1 /interactive/OPIS_SERVER/Device/getDevice.html
INFO: [ app_begin ] --START--
INFO: Run Behavior\ReadHtmlCacheBehavior [ RunTime:0.000000s ]
INFO: [ app_begin ] --END-- [ RunTime:0.001000s ]
SQL: SHOW COLUMNS FROM `op_admin_group_access` [ RunTime:0.0030s ]
SQL: SELECT `uid`,`group_id`,`title`,`rules` FROM op_admin_group_access a INNER JOIN op_admin_group g on a.group_id=g.id  WHERE ( a.uid='1' and g.status='1' )  [ RunTime:0.0000s ]
SQL: SHOW COLUMNS FROM `op_admin_rule` [ RunTime:0.0030s ]
SQL: SELECT `condition`,`name` FROM `op_admin_rule` WHERE `id` IN ('85','86','87') AND `type` = 1 AND `status` = 1  [ RunTime:0.0000s ]
SQL: SHOW COLUMNS FROM `op_device` [ RunTime:0.0020s ]
SQL: SELECT * FROM `op_device`  [ RunTime:0.0010s ]

