[ 2016-10-24T13:40:14+08:00 ] 127.0.0.1 /lms/server/Login/check_code.html?code=qbjc
INFO: [ app_begin ] --START--
INFO: Run Behavior\ReadHtmlCacheBehavior [ RunTime:0.001000s ]
INFO: [ app_begin ] --END-- [ RunTime:0.001000s ]

[ 2016-10-24T13:40:23+08:00 ] 127.0.0.1 /lms/server/Login/check_code.html?code=d8jc
INFO: [ app_begin ] --START--
INFO: Run Behavior\ReadHtmlCacheBehavior [ RunTime:0.003000s ]
INFO: [ app_begin ] --END-- [ RunTime:0.003000s ]

[ 2016-10-24T13:40:29+08:00 ] 127.0.0.1 /lms/server/Login/check_code.html?code=rqkk
INFO: [ app_begin ] --START--
INFO: Run Behavior\ReadHtmlCacheBehavior [ RunTime:0.001000s ]
INFO: [ app_begin ] --END-- [ RunTime:0.001000s ]

[ 2016-10-24T13:40:45+08:00 ] 127.0.0.1 /lms/server/Login/check_code.html?code=du5f
INFO: [ app_begin ] --START--
INFO: Run Behavior\ReadHtmlCacheBehavior [ RunTime:0.001000s ]
INFO: [ app_begin ] --END-- [ RunTime:0.001000s ]

[ 2016-10-24T17:01:15+08:00 ] 127.0.0.1 /lms/server/Media/
ERR: 非法操作:index

[ 2016-10-24T17:05:25+08:00 ] 127.0.0.1 /lms/server/Publish/getDevice.html
INFO: [ app_begin ] --START--
INFO: Run Behavior\ReadHtmlCacheBehavior [ RunTime:0.001000s ]
INFO: [ app_begin ] --END-- [ RunTime:0.002000s ]
SQL: SHOW COLUMNS FROM `op_admin_group_access` [ RunTime:0.0040s ]
SQL: SELECT `uid`,`group_id`,`title`,`rules` FROM op_admin_group_access a INNER JOIN op_admin_group g on a.group_id=g.id  WHERE ( a.uid='1' and g.status='1' )  [ RunTime:0.0000s ]
SQL: SHOW COLUMNS FROM `op_admin_rule` [ RunTime:0.0020s ]
SQL: SELECT `condition`,`name` FROM `op_admin_rule` WHERE `id` IN ('85','86','87') AND `type` = 1 AND `status` = 1  [ RunTime:0.0000s ]
SQL: SHOW COLUMNS FROM `op_device` [ RunTime:0.3490s ]
SQL: SELECT * FROM `op_device`  [ RunTime:0.0000s ]

[ 2016-10-24T17:22:03+08:00 ] 127.0.0.1 /lms/server/Publish/getDevice.html
INFO: [ app_begin ] --START--
INFO: Run Behavior\ReadHtmlCacheBehavior [ RunTime:0.001000s ]
INFO: [ app_begin ] --END-- [ RunTime:0.002000s ]
SQL: SHOW COLUMNS FROM `op_admin_group_access` [ RunTime:0.0030s ]
SQL: SELECT `uid`,`group_id`,`title`,`rules` FROM op_admin_group_access a INNER JOIN op_admin_group g on a.group_id=g.id  WHERE ( a.uid='1' and g.status='1' )  [ RunTime:0.0000s ]
SQL: SHOW COLUMNS FROM `op_admin_rule` [ RunTime:0.0030s ]
SQL: SELECT `condition`,`name` FROM `op_admin_rule` WHERE `id` IN ('85','86','87') AND `type` = 1 AND `status` = 1  [ RunTime:0.0000s ]
SQL: SHOW COLUMNS FROM `op_device` [ RunTime:0.0030s ]
SQL: SELECT * FROM `op_device`  [ RunTime:0.0000s ]

[ 2016-10-24T17:25:31+08:00 ] 127.0.0.1 /lms/server/Device/getDevice.html
INFO: [ app_begin ] --START--
INFO: Run Behavior\ReadHtmlCacheBehavior [ RunTime:0.000000s ]
INFO: [ app_begin ] --END-- [ RunTime:0.001000s ]
SQL: SHOW COLUMNS FROM `op_admin_group_access` [ RunTime:0.0020s ]
SQL: SELECT `uid`,`group_id`,`title`,`rules` FROM op_admin_group_access a INNER JOIN op_admin_group g on a.group_id=g.id  WHERE ( a.uid='1' and g.status='1' )  [ RunTime:0.0000s ]
SQL: SHOW COLUMNS FROM `op_admin_rule` [ RunTime:0.0030s ]
SQL: SELECT `condition`,`name` FROM `op_admin_rule` WHERE `id` IN ('85','86','87') AND `type` = 1 AND `status` = 1  [ RunTime:0.0010s ]
SQL: SHOW COLUMNS FROM `op_device` [ RunTime:0.0020s ]
SQL: SELECT * FROM `op_device`  [ RunTime:0.0010s ]

[ 2016-10-24T18:22:47+08:00 ] 127.0.0.1 /lms/server/Media/
ERR: 非法操作:index

[ 2016-10-24T18:22:48+08:00 ] 127.0.0.1 /lms/server/Media/3c50cc9e0bef05e05c2aafe15578d01d/lms/server/Public/upload/
ERR: 非法操作:3c50cc9e0bef05e05c2aafe15578d01d

[ 2016-10-24T18:23:03+08:00 ] 127.0.0.1 /lms/server/Media/3c50cc9e0bef05e05c2aafe15578d01d/lms/server/Public/upload/
ERR: 非法操作:3c50cc9e0bef05e05c2aafe15578d01d

[ 2016-10-24T18:28:02+08:00 ] 127.0.0.1 /lms/server/Login/check_code.html?code=fueb
INFO: [ app_begin ] --START--
INFO: Run Behavior\ReadHtmlCacheBehavior [ RunTime:0.001000s ]
INFO: [ app_begin ] --END-- [ RunTime:0.002000s ]

[ 2016-10-24T18:28:09+08:00 ] 127.0.0.1 /lms/server/Media/
ERR: 非法操作:index

[ 2016-10-24T18:28:11+08:00 ] 127.0.0.1 /lms/server/Media/aa7df19bb1e586f4623e75915bf7d29b/lms/server/Public/upload/
ERR: 非法操作:aa7df19bb1e586f4623e75915bf7d29b

[ 2016-10-24T18:46:54+08:00 ] 127.0.0.1 /lms/server/Login/check_code.html?code=pshn
INFO: [ app_begin ] --START--
INFO: Run Behavior\ReadHtmlCacheBehavior [ RunTime:0.001000s ]
INFO: [ app_begin ] --END-- [ RunTime:0.002001s ]

[ 2016-10-24T18:47:01+08:00 ] 127.0.0.1 /lms/server/Media/
ERR: 非法操作:index

