[ 2016-11-14T10:15:15+08:00 ] 127.0.0.1 /lms/server/Login/check_code.html?code=xnb4
INFO: [ app_begin ] --START--
INFO: Run Behavior\ReadHtmlCacheBehavior [ RunTime:0.001000s ]
INFO: [ app_begin ] --END-- [ RunTime:0.001000s ]

[ 2016-11-14T10:15:22+08:00 ] 127.0.0.1 /lms/server/Login/check_code.html?code=kvqn
INFO: [ app_begin ] --START--
INFO: Run Behavior\ReadHtmlCacheBehavior [ RunTime:0.001000s ]
INFO: [ app_begin ] --END-- [ RunTime:0.001000s ]

[ 2016-11-14T10:16:27+08:00 ] 127.0.0.1 /lms/server/Login/check_code.html?code=mqp3
INFO: [ app_begin ] --START--
INFO: Run Behavior\ReadHtmlCacheBehavior [ RunTime:0.000000s ]
INFO: [ app_begin ] --END-- [ RunTime:0.001000s ]

[ 2016-11-14T15:16:03+08:00 ] 127.0.0.1 /lms/server/Login/check_code.html?code=eheq
INFO: [ app_begin ] --START--
INFO: Run Behavior\ReadHtmlCacheBehavior [ RunTime:0.001000s ]
INFO: [ app_begin ] --END-- [ RunTime:0.001000s ]

[ 2016-11-14T15:16:15+08:00 ] 127.0.0.1 /lms/server/Media/
ERR: 非法操作:index

[ 2016-11-14T15:16:54+08:00 ] 127.0.0.1 /lms/server/Device/getDevice.html
INFO: [ app_begin ] --START--
INFO: Run Behavior\ReadHtmlCacheBehavior [ RunTime:0.001000s ]
INFO: [ app_begin ] --END-- [ RunTime:0.002001s ]
SQL: SHOW COLUMNS FROM `op_admin_group_access` [ RunTime:0.0020s ]
SQL: SELECT `uid`,`group_id`,`title`,`rules` FROM op_admin_group_access a INNER JOIN op_admin_group g on a.group_id=g.id  WHERE ( a.uid='1' and g.status='1' )  [ RunTime:0.0000s ]
SQL: SHOW COLUMNS FROM `op_device` [ RunTime:0.0390s ]
SQL: SELECT * FROM `op_device`  [ RunTime:0.0010s ]

[ 2016-11-14T15:18:34+08:00 ] 127.0.0.1 /lms/server/Publish/getDevice.html
INFO: [ app_begin ] --START--
INFO: Run Behavior\ReadHtmlCacheBehavior [ RunTime:0.001000s ]
INFO: [ app_begin ] --END-- [ RunTime:0.002000s ]
SQL: SHOW COLUMNS FROM `op_admin_group_access` [ RunTime:0.0030s ]
SQL: SELECT `uid`,`group_id`,`title`,`rules` FROM op_admin_group_access a INNER JOIN op_admin_group g on a.group_id=g.id  WHERE ( a.uid='1' and g.status='1' )  [ RunTime:0.0010s ]
SQL: SHOW COLUMNS FROM `op_device` [ RunTime:0.0030s ]
SQL: SELECT * FROM `op_device`  [ RunTime:0.0010s ]

[ 2016-11-14T15:20:06+08:00 ] 127.0.0.1 /lms/server/Media/
ERR: 非法操作:index

[ 2016-11-14T15:42:46+08:00 ] 127.0.0.1 /lms/server/Media/
ERR: 非法操作:index

