[ 2016-10-18T09:49:59+08:00 ] 127.0.0.1 /lms/server/Login/check_code.html?code=qnxc
INFO: [ app_begin ] --START--
INFO: Run Behavior\ReadHtmlCacheBehavior [ RunTime:0.000000s ]
INFO: [ app_begin ] --END-- [ RunTime:0.001000s ]

[ 2016-10-18T10:03:35+08:00 ] 127.0.0.1 /lms/server/Media/
ERR: 非法操作:index

[ 2016-10-18T10:04:01+08:00 ] 127.0.0.1 /lms/server/Info/getDevice.html
INFO: [ app_begin ] --START--
INFO: Run Behavior\ReadHtmlCacheBehavior [ RunTime:0.001000s ]
INFO: [ app_begin ] --END-- [ RunTime:0.001000s ]
SQL: SHOW COLUMNS FROM `op_admin_group_access` [ RunTime:0.0020s ]
SQL: SELECT `uid`,`group_id`,`title`,`rules` FROM op_admin_group_access a INNER JOIN op_admin_group g on a.group_id=g.id  WHERE ( a.uid='1' and g.status='1' )  [ RunTime:0.0000s ]
SQL: SHOW COLUMNS FROM `op_admin_rule` [ RunTime:0.0020s ]
SQL: SELECT `condition`,`name` FROM `op_admin_rule` WHERE `id` IN ('85','86','87') AND `type` = 1 AND `status` = 1  [ RunTime:0.0000s ]
SQL: SHOW COLUMNS FROM `op_device` [ RunTime:0.0770s ]
SQL: SELECT * FROM `op_device`  [ RunTime:0.0000s ]

[ 2016-10-18T10:13:00+08:00 ] 127.0.0.1 /lms/server/Device/getDevice.html
INFO: [ app_begin ] --START--
INFO: Run Behavior\ReadHtmlCacheBehavior [ RunTime:0.000000s ]
INFO: [ app_begin ] --END-- [ RunTime:0.002000s ]
SQL: SHOW COLUMNS FROM `op_admin_group_access` [ RunTime:0.0030s ]
SQL: SELECT `uid`,`group_id`,`title`,`rules` FROM op_admin_group_access a INNER JOIN op_admin_group g on a.group_id=g.id  WHERE ( a.uid='1' and g.status='1' )  [ RunTime:0.0000s ]
SQL: SHOW COLUMNS FROM `op_admin_rule` [ RunTime:0.0020s ]
SQL: SELECT `condition`,`name` FROM `op_admin_rule` WHERE `id` IN ('85','86','87') AND `type` = 1 AND `status` = 1  [ RunTime:0.0010s ]
SQL: SHOW COLUMNS FROM `op_device` [ RunTime:0.0030s ]
SQL: SELECT * FROM `op_device`  [ RunTime:0.0000s ]

[ 2016-10-18T10:17:46+08:00 ] 127.0.0.1 /lms/server/Media/
ERR: 非法操作:index

[ 2016-10-18T16:59:52+08:00 ] 127.0.0.1 /lms/server/Media/
ERR: 非法操作:index

[ 2016-10-18T18:10:25+08:00 ] 127.0.0.1 /lms/server/Login/check_code.html?code=uuf6
INFO: [ app_begin ] --START--
INFO: Run Behavior\ReadHtmlCacheBehavior [ RunTime:0.001000s ]
INFO: [ app_begin ] --END-- [ RunTime:0.002000s ]

[ 2016-10-18T18:15:44+08:00 ] 127.0.0.1 /lms/server/Login/check_code.html?code=cdsd
INFO: [ app_begin ] --START--
INFO: Run Behavior\ReadHtmlCacheBehavior [ RunTime:0.001000s ]
INFO: [ app_begin ] --END-- [ RunTime:0.001000s ]

